<?xml version="1.0" encoding="utf-8"?>
<coverage line-rate="0.8362" branch-rate="0.6052000000000001" version="1.9" timestamp="1600706863" lines-covered="143" lines-valid="171" branches-covered="23" branches-valid="38">
  <sources>
    <source>/Users/johnvpetersen/repos/HashingUtility/App/</source>
  </sources>
  <packages>
    <package name="App" line-rate="0.8362" branch-rate="0.6052000000000001" complexity="83">
      <classes>
        <class name="App.HashUtility" filename="HashUtility.cs" line-rate="0.8332999999999999" branch-rate="0.6052000000000001" complexity="59">
          <methods>
            <method name="OnHashGenerated" signature="()" line-rate="1" branch-rate="1" complexity="2">
              <lines>
                <line number="18" hits="19" branch="False" />
                <line number="19" hits="19" branch="True" condition-coverage="100% (2/2)">
                  <conditions>
                    <condition number="8" type="jump" coverage="100%" />
                  </conditions>
                </line>
                <line number="20" hits="19" branch="False" />
              </lines>
            </method>
            <method name="OnIntGenerated" signature="(System.Int32)" line-rate="1" branch-rate="1" complexity="2">
              <lines>
                <line number="21" hits="15" branch="False" />
                <line number="22" hits="15" branch="True" condition-coverage="100% (2/2)">
                  <conditions>
                    <condition number="8" type="jump" coverage="100%" />
                  </conditions>
                </line>
                <line number="23" hits="15" branch="False" />
              </lines>
            </method>
            <method name="OnStringGenerated" signature="(System.String)" line-rate="1" branch-rate="1" complexity="2">
              <lines>
                <line number="24" hits="4" branch="False" />
                <line number="25" hits="4" branch="True" condition-coverage="100% (2/2)">
                  <conditions>
                    <condition number="8" type="jump" coverage="100%" />
                  </conditions>
                </line>
                <line number="26" hits="4" branch="False" />
              </lines>
            </method>
            <method name="ToString" signature="()" line-rate="1" branch-rate="1" complexity="1">
              <lines>
                <line number="45" hits="2" branch="False" />
              </lines>
            </method>
            <method name="get_CustomAlgorithm" signature="()" line-rate="1" branch-rate="1" complexity="1">
              <lines>
                <line number="46" hits="4" branch="False" />
              </lines>
            </method>
            <method name="get_EncodingOption" signature="()" line-rate="1" branch-rate="1" complexity="1">
              <lines>
                <line number="51" hits="56" branch="False" />
              </lines>
            </method>
            <method name="get_AlgorithmOption" signature="()" line-rate="1" branch-rate="1" complexity="1">
              <lines>
                <line number="52" hits="64" branch="False" />
              </lines>
            </method>
            <method name="GetHashCode" signature="()" line-rate="1" branch-rate="1" complexity="1">
              <lines>
                <line number="53" hits="1" branch="False" />
              </lines>
            </method>
            <method name="get_HashName" signature="()" line-rate="1" branch-rate="1" complexity="1">
              <lines>
                <line number="54" hits="65" branch="False" />
              </lines>
            </method>
            <method name="Create" signature="()" line-rate="1" branch-rate="1" complexity="1">
              <lines>
                <line number="55" hits="2" branch="False" />
              </lines>
            </method>
            <method name="Create" signature="(App.ICustomAlgorithm)" line-rate="1" branch-rate="1" complexity="1">
              <lines>
                <line number="56" hits="4" branch="False" />
              </lines>
            </method>
            <method name="Create" signature="(App.AlgorithmOptions,App.EncodingOptions,System.String)" line-rate="1" branch-rate="1" complexity="1">
              <lines>
                <line number="57" hits="11" branch="False" />
              </lines>
            </method>
            <method name="Create" signature="(System.String,App.ICustomAlgorithm)" line-rate="1" branch-rate="1" complexity="1">
              <lines>
                <line number="58" hits="8" branch="False" />
              </lines>
            </method>
            <method name="ConvertToInt" signature="(System.Int32)" line-rate="1" branch-rate="1" complexity="1">
              <lines>
                <line number="59" hits="14" branch="False" />
              </lines>
            </method>
            <method name="ConvertToInt" signature="(System.Byte[],System.Int32)" line-rate="1" branch-rate="1" complexity="1">
              <lines>
                <line number="60" hits="15" branch="False" />
                <line number="61" hits="15" branch="False" />
                <line number="62" hits="15" branch="False" />
                <line number="63" hits="15" branch="False" />
                <line number="64" hits="15" branch="False" />
              </lines>
            </method>
            <method name="ConvertToString" signature="(System.Int32)" line-rate="1" branch-rate="0.5" complexity="2">
              <lines>
                <line number="65" hits="1" branch="False" />
                <line number="66" hits="1" branch="True" condition-coverage="50% (1/2)">
                  <conditions>
                    <condition number="7" type="jump" coverage="50%" />
                  </conditions>
                </line>
                <line number="67" hits="1" branch="False" />
                <line number="68" hits="1" branch="False" />
                <line number="69" hits="1" branch="False" />
              </lines>
            </method>
            <method name="ConvertToString" signature="(System.Int32,System.Boolean,System.Base64FormattingOptions)" line-rate="1" branch-rate="0.5" complexity="2">
              <lines>
                <line number="70" hits="3" branch="False" />
                <line number="71" hits="3" branch="True" condition-coverage="50% (1/2)">
                  <conditions>
                    <condition number="2" type="jump" coverage="50%" />
                  </conditions>
                </line>
                <line number="72" hits="3" branch="False" />
                <line number="73" hits="3" branch="False" />
                <line number="74" hits="3" branch="False" />
              </lines>
            </method>
            <method name="ComputeHash" signature="(System.Object)" line-rate="1" branch-rate="1" complexity="1">
              <lines>
                <line number="75" hits="8" branch="False" />
              </lines>
            </method>
            <method name="ComputeHash" signature="(System.Byte[],System.Int32,System.Int32)" line-rate="1" branch-rate="1" complexity="2">
              <lines>
                <line number="76" hits="19" branch="False" />
                <line number="77" hits="19" branch="True" condition-coverage="100% (2/2)">
                  <conditions>
                    <condition number="8" type="jump" coverage="100%" />
                  </conditions>
                </line>
                <line number="78" hits="19" branch="False" />
                <line number="79" hits="19" branch="False" />
                <line number="80" hits="19" branch="False" />
              </lines>
            </method>
            <method name="GetHash" signature="()" line-rate="1" branch-rate="1" complexity="1">
              <lines>
                <line number="81" hits="2" branch="False" />
              </lines>
            </method>
            <method name="computeHash" signature="(System.IO.Stream)" line-rate="0" branch-rate="1" complexity="1">
              <lines>
                <line number="82" hits="0" branch="False" />
                <line number="83" hits="0" branch="False" />
                <line number="84" hits="0" branch="False" />
                <line number="85" hits="0" branch="False" />
                <line number="86" hits="0" branch="False" />
                <line number="87" hits="0" branch="False" />
                <line number="88" hits="0" branch="False" />
                <line number="89" hits="0" branch="False" />
              </lines>
            </method>
            <method name="computeHash" signature="(System.Byte[],System.Int32,System.Int32)" line-rate="1" branch-rate="0.5" complexity="2">
              <lines>
                <line number="90" hits="18" branch="False" />
                <line number="91" hits="18" branch="False" />
                <line number="92" hits="18" branch="True" condition-coverage="50% (1/2)">
                  <conditions>
                    <condition number="5" type="jump" coverage="50%" />
                  </conditions>
                </line>
                <line number="93" hits="18" branch="False" />
                <line number="94" hits="18" branch="False" />
                <line number="95" hits="18" branch="False" />
                <line number="96" hits="18" branch="False" />
                <line number="97" hits="18" branch="False" />
                <line number="98" hits="18" branch="False" />
              </lines>
            </method>
            <method name="getEncodingOption" signature="()" line-rate="0.4" branch-rate="0.14279999999999998" complexity="7">
              <lines>
                <line number="99" hits="8" branch="False" />
                <line number="100" hits="8" branch="True" condition-coverage="14.28% (1/7)">
                  <conditions>
                    <condition number="11" type="switch" coverage="14.28%" />
                  </conditions>
                </line>
                <line number="102" hits="0" branch="False" />
                <line number="103" hits="0" branch="False" />
                <line number="104" hits="0" branch="False" />
                <line number="105" hits="0" branch="False" />
                <line number="106" hits="0" branch="False" />
                <line number="107" hits="8" branch="False" />
                <line number="109" hits="0" branch="False" />
                <line number="110" hits="8" branch="False" />
              </lines>
            </method>
            <method name="getAlgorithm" signature="()" line-rate="0.875" branch-rate="0.6153" complexity="13">
              <lines>
                <line number="111" hits="18" branch="False" />
                <line number="112" hits="18" branch="True" condition-coverage="80% (4/5)">
                  <conditions>
                    <condition number="11" type="switch" coverage="80%" />
                  </conditions>
                </line>
                <line number="114" hits="1" branch="True" condition-coverage="50% (1/2)">
                  <conditions>
                    <condition number="48" type="jump" coverage="50%" />
                  </conditions>
                </line>
                <line number="115" hits="15" branch="True" condition-coverage="50% (1/2)">
                  <conditions>
                    <condition number="82" type="jump" coverage="50%" />
                  </conditions>
                </line>
                <line number="116" hits="1" branch="True" condition-coverage="50% (1/2)">
                  <conditions>
                    <condition number="116" type="jump" coverage="50%" />
                  </conditions>
                </line>
                <line number="117" hits="1" branch="True" condition-coverage="50% (1/2)">
                  <conditions>
                    <condition number="150" type="jump" coverage="50%" />
                  </conditions>
                </line>
                <line number="119" hits="0" branch="False" />
                <line number="120" hits="18" branch="False" />
              </lines>
            </method>
            <method name="Dispose" signature="()" line-rate="1" branch-rate="1" complexity="1">
              <lines>
                <line number="122" hits="7" branch="False" />
                <line number="123" hits="7" branch="False" />
                <line number="124" hits="7" branch="False" />
                <line number="125" hits="7" branch="False" />
              </lines>
            </method>
            <method name="Dispose" signature="(System.Boolean)" line-rate="0.5555" branch-rate="0.75" complexity="4">
              <lines>
                <line number="127" hits="25" branch="False" />
                <line number="128" hits="25" branch="True" condition-coverage="100% (2/2)">
                  <conditions>
                    <condition number="4" type="jump" coverage="100%" />
                  </conditions>
                </line>
                <line number="129" hits="7" branch="False" />
                <line number="130" hits="0" branch="True" condition-coverage="50% (1/2)">
                  <conditions>
                    <condition number="18" type="jump" coverage="50%" />
                  </conditions>
                </line>
                <line number="131" hits="0" branch="False" />
                <line number="132" hits="0" branch="False" />
                <line number="133" hits="0" branch="False" />
                <line number="134" hits="7" branch="False" />
                <line number="135" hits="25" branch="False" />
              </lines>
            </method>
            <method name="Finalize" signature="()" line-rate="1" branch-rate="1" complexity="1">
              <lines>
                <line number="137" hits="36" branch="False" />
                <line number="138" hits="18" branch="False" />
                <line number="139" hits="36" branch="False" />
              </lines>
            </method>
            <method name=".ctor" signature="()" line-rate="1" branch-rate="1" complexity="1">
              <lines>
                <line number="27" hits="6" branch="False" />
                <line number="47" hits="25" branch="False" />
                <line number="48" hits="25" branch="False" />
                <line number="49" hits="25" branch="False" />
              </lines>
            </method>
            <method name=".ctor" signature="(App.ICustomAlgorithm)" line-rate="1" branch-rate="1" complexity="1">
              <lines>
                <line number="28" hits="8" branch="False" />
                <line number="29" hits="4" branch="False" />
                <line number="30" hits="4" branch="False" />
              </lines>
            </method>
            <method name=".ctor" signature="(App.AlgorithmOptions,App.EncodingOptions,System.String)" line-rate="1" branch-rate="1" complexity="1">
              <lines>
                <line number="31" hits="22" branch="False" />
                <line number="32" hits="11" branch="False" />
                <line number="33" hits="11" branch="False" />
                <line number="34" hits="11" branch="False" />
                <line number="35" hits="11" branch="False" />
              </lines>
            </method>
            <method name=".ctor" signature="(System.String,App.ICustomAlgorithm)" line-rate="1" branch-rate="1" complexity="1">
              <lines>
                <line number="36" hits="16" branch="False" />
                <line number="37" hits="8" branch="False" />
                <line number="38" hits="8" branch="False" />
                <line number="39" hits="8" branch="False" />
                <line number="40" hits="8" branch="False" />
                <line number="41" hits="8" branch="False" />
                <line number="42" hits="8" branch="False" />
                <line number="43" hits="8" branch="False" />
                <line number="44" hits="8" branch="False" />
              </lines>
            </method>
          </methods>
          <lines>
            <line number="18" hits="19" branch="False" />
            <line number="19" hits="19" branch="True" condition-coverage="100% (2/2)">
              <conditions>
                <condition number="8" type="jump" coverage="100%" />
              </conditions>
            </line>
            <line number="20" hits="19" branch="False" />
            <line number="21" hits="15" branch="False" />
            <line number="22" hits="15" branch="True" condition-coverage="100% (2/2)">
              <conditions>
                <condition number="8" type="jump" coverage="100%" />
              </conditions>
            </line>
            <line number="23" hits="15" branch="False" />
            <line number="24" hits="4" branch="False" />
            <line number="25" hits="4" branch="True" condition-coverage="100% (2/2)">
              <conditions>
                <condition number="8" type="jump" coverage="100%" />
              </conditions>
            </line>
            <line number="26" hits="4" branch="False" />
            <line number="45" hits="2" branch="False" />
            <line number="46" hits="4" branch="False" />
            <line number="51" hits="56" branch="False" />
            <line number="52" hits="64" branch="False" />
            <line number="53" hits="1" branch="False" />
            <line number="54" hits="65" branch="False" />
            <line number="55" hits="2" branch="False" />
            <line number="56" hits="4" branch="False" />
            <line number="57" hits="11" branch="False" />
            <line number="58" hits="8" branch="False" />
            <line number="59" hits="14" branch="False" />
            <line number="60" hits="15" branch="False" />
            <line number="61" hits="15" branch="False" />
            <line number="62" hits="15" branch="False" />
            <line number="63" hits="15" branch="False" />
            <line number="64" hits="15" branch="False" />
            <line number="65" hits="1" branch="False" />
            <line number="66" hits="1" branch="True" condition-coverage="50% (1/2)">
              <conditions>
                <condition number="7" type="jump" coverage="50%" />
              </conditions>
            </line>
            <line number="67" hits="1" branch="False" />
            <line number="68" hits="1" branch="False" />
            <line number="69" hits="1" branch="False" />
            <line number="70" hits="3" branch="False" />
            <line number="71" hits="3" branch="True" condition-coverage="50% (1/2)">
              <conditions>
                <condition number="2" type="jump" coverage="50%" />
              </conditions>
            </line>
            <line number="72" hits="3" branch="False" />
            <line number="73" hits="3" branch="False" />
            <line number="74" hits="3" branch="False" />
            <line number="75" hits="8" branch="False" />
            <line number="76" hits="19" branch="False" />
            <line number="77" hits="19" branch="True" condition-coverage="100% (2/2)">
              <conditions>
                <condition number="8" type="jump" coverage="100%" />
              </conditions>
            </line>
            <line number="78" hits="19" branch="False" />
            <line number="79" hits="19" branch="False" />
            <line number="80" hits="19" branch="False" />
            <line number="81" hits="2" branch="False" />
            <line number="82" hits="0" branch="False" />
            <line number="83" hits="0" branch="False" />
            <line number="84" hits="0" branch="False" />
            <line number="85" hits="0" branch="False" />
            <line number="86" hits="0" branch="False" />
            <line number="87" hits="0" branch="False" />
            <line number="88" hits="0" branch="False" />
            <line number="89" hits="0" branch="False" />
            <line number="90" hits="18" branch="False" />
            <line number="91" hits="18" branch="False" />
            <line number="92" hits="18" branch="True" condition-coverage="50% (1/2)">
              <conditions>
                <condition number="5" type="jump" coverage="50%" />
              </conditions>
            </line>
            <line number="93" hits="18" branch="False" />
            <line number="94" hits="18" branch="False" />
            <line number="95" hits="18" branch="False" />
            <line number="96" hits="18" branch="False" />
            <line number="97" hits="18" branch="False" />
            <line number="98" hits="18" branch="False" />
            <line number="99" hits="8" branch="False" />
            <line number="100" hits="8" branch="True" condition-coverage="14.28% (1/7)">
              <conditions>
                <condition number="11" type="switch" coverage="14.28%" />
              </conditions>
            </line>
            <line number="102" hits="0" branch="False" />
            <line number="103" hits="0" branch="False" />
            <line number="104" hits="0" branch="False" />
            <line number="105" hits="0" branch="False" />
            <line number="106" hits="0" branch="False" />
            <line number="107" hits="8" branch="False" />
            <line number="109" hits="0" branch="False" />
            <line number="110" hits="8" branch="False" />
            <line number="111" hits="18" branch="False" />
            <line number="112" hits="18" branch="True" condition-coverage="80% (4/5)">
              <conditions>
                <condition number="11" type="switch" coverage="80%" />
              </conditions>
            </line>
            <line number="114" hits="1" branch="True" condition-coverage="50% (1/2)">
              <conditions>
                <condition number="48" type="jump" coverage="50%" />
              </conditions>
            </line>
            <line number="115" hits="15" branch="True" condition-coverage="50% (1/2)">
              <conditions>
                <condition number="82" type="jump" coverage="50%" />
              </conditions>
            </line>
            <line number="116" hits="1" branch="True" condition-coverage="50% (1/2)">
              <conditions>
                <condition number="116" type="jump" coverage="50%" />
              </conditions>
            </line>
            <line number="117" hits="1" branch="True" condition-coverage="50% (1/2)">
              <conditions>
                <condition number="150" type="jump" coverage="50%" />
              </conditions>
            </line>
            <line number="119" hits="0" branch="False" />
            <line number="120" hits="18" branch="False" />
            <line number="122" hits="7" branch="False" />
            <line number="123" hits="7" branch="False" />
            <line number="124" hits="7" branch="False" />
            <line number="125" hits="7" branch="False" />
            <line number="127" hits="25" branch="False" />
            <line number="128" hits="25" branch="True" condition-coverage="100% (2/2)">
              <conditions>
                <condition number="4" type="jump" coverage="100%" />
              </conditions>
            </line>
            <line number="129" hits="7" branch="False" />
            <line number="130" hits="0" branch="True" condition-coverage="50% (1/2)">
              <conditions>
                <condition number="18" type="jump" coverage="50%" />
              </conditions>
            </line>
            <line number="131" hits="0" branch="False" />
            <line number="132" hits="0" branch="False" />
            <line number="133" hits="0" branch="False" />
            <line number="134" hits="7" branch="False" />
            <line number="135" hits="25" branch="False" />
            <line number="137" hits="36" branch="False" />
            <line number="138" hits="18" branch="False" />
            <line number="139" hits="36" branch="False" />
            <line number="27" hits="6" branch="False" />
            <line number="47" hits="25" branch="False" />
            <line number="48" hits="25" branch="False" />
            <line number="49" hits="25" branch="False" />
            <line number="28" hits="8" branch="False" />
            <line number="29" hits="4" branch="False" />
            <line number="30" hits="4" branch="False" />
            <line number="31" hits="22" branch="False" />
            <line number="32" hits="11" branch="False" />
            <line number="33" hits="11" branch="False" />
            <line number="34" hits="11" branch="False" />
            <line number="35" hits="11" branch="False" />
            <line number="36" hits="16" branch="False" />
            <line number="37" hits="8" branch="False" />
            <line number="38" hits="8" branch="False" />
            <line number="39" hits="8" branch="False" />
            <line number="40" hits="8" branch="False" />
            <line number="41" hits="8" branch="False" />
            <line number="42" hits="8" branch="False" />
            <line number="43" hits="8" branch="False" />
            <line number="44" hits="8" branch="False" />
          </lines>
        </class>
        <class name="App.HashUtilityConfig" filename="HashUtilityConfig.cs" line-rate="0.8332999999999999" branch-rate="1" complexity="13">
          <methods>
            <method name="setOptions" signature="(App.AlgorithmOptions,App.EncodingOptions,System.String,System.Base64FormattingOptions,System.Boolean)" line-rate="1" branch-rate="1" complexity="1">
              <lines>
                <line number="14" hits="10" branch="False" />
                <line number="15" hits="10" branch="False" />
                <line number="16" hits="10" branch="False" />
                <line number="17" hits="10" branch="False" />
                <line number="18" hits="10" branch="False" />
                <line number="19" hits="10" branch="False" />
                <line number="20" hits="10" branch="False" />
                <line number="21" hits="10" branch="False" />
              </lines>
            </method>
            <method name="get_CustomAlgorithm" signature="()" line-rate="0" branch-rate="1" complexity="1">
              <lines>
                <line number="22" hits="0" branch="False" />
              </lines>
            </method>
            <method name="get_UseBase64Encoding" signature="()" line-rate="1" branch-rate="1" complexity="1">
              <lines>
                <line number="23" hits="20" branch="False" />
              </lines>
            </method>
            <method name="get_AlgorithmOption" signature="()" line-rate="1" branch-rate="1" complexity="1">
              <lines>
                <line number="24" hits="20" branch="False" />
              </lines>
            </method>
            <method name="get_Base64FormattingOption" signature="()" line-rate="1" branch-rate="1" complexity="1">
              <lines>
                <line number="25" hits="20" branch="False" />
              </lines>
            </method>
            <method name="get_EncodingOption" signature="()" line-rate="1" branch-rate="1" complexity="1">
              <lines>
                <line number="26" hits="20" branch="False" />
              </lines>
            </method>
            <method name="get_HashName" signature="()" line-rate="1" branch-rate="1" complexity="1">
              <lines>
                <line number="27" hits="20" branch="False" />
              </lines>
            </method>
            <method name="ToString" signature="()" line-rate="1" branch-rate="1" complexity="1">
              <lines>
                <line number="28" hits="10" branch="False" />
              </lines>
            </method>
            <method name="GenerateConfigString" signature="(App.AlgorithmOptions,App.EncodingOptions,System.String,System.Base64FormattingOptions,System.Boolean)" line-rate="1" branch-rate="1" complexity="1">
              <lines>
                <line number="30" hits="9" branch="False" />
              </lines>
            </method>
            <method name=".ctor" signature="()" line-rate="1" branch-rate="1" complexity="1">
              <lines>
                <line number="7" hits="3" branch="False" />
              </lines>
            </method>
            <method name=".ctor" signature="(App.ICustomAlgorithm)" line-rate="0" branch-rate="1" complexity="1">
              <lines>
                <line number="8" hits="0" branch="False" />
                <line number="9" hits="0" branch="False" />
                <line number="10" hits="0" branch="False" />
              </lines>
            </method>
            <method name=".ctor" signature="(App.AlgorithmOptions,App.EncodingOptions,System.String,System.Base64FormattingOptions,System.Boolean)" line-rate="1" branch-rate="1" complexity="1">
              <lines>
                <line number="11" hits="2" branch="False" />
                <line number="12" hits="1" branch="False" />
                <line number="13" hits="1" branch="False" />
              </lines>
            </method>
            <method name=".cctor" signature="()" line-rate="1" branch-rate="1" complexity="1">
              <lines>
                <line number="29" hits="1" branch="False" />
              </lines>
            </method>
          </methods>
          <lines>
            <line number="14" hits="10" branch="False" />
            <line number="15" hits="10" branch="False" />
            <line number="16" hits="10" branch="False" />
            <line number="17" hits="10" branch="False" />
            <line number="18" hits="10" branch="False" />
            <line number="19" hits="10" branch="False" />
            <line number="20" hits="10" branch="False" />
            <line number="21" hits="10" branch="False" />
            <line number="22" hits="0" branch="False" />
            <line number="23" hits="20" branch="False" />
            <line number="24" hits="20" branch="False" />
            <line number="25" hits="20" branch="False" />
            <line number="26" hits="20" branch="False" />
            <line number="27" hits="20" branch="False" />
            <line number="28" hits="10" branch="False" />
            <line number="30" hits="9" branch="False" />
            <line number="7" hits="3" branch="False" />
            <line number="8" hits="0" branch="False" />
            <line number="9" hits="0" branch="False" />
            <line number="10" hits="0" branch="False" />
            <line number="11" hits="2" branch="False" />
            <line number="12" hits="1" branch="False" />
            <line number="13" hits="1" branch="False" />
            <line number="29" hits="1" branch="False" />
          </lines>
        </class>
        <class name="App.Root`1" filename="root.cs" line-rate="0.8484" branch-rate="1" complexity="11">
          <methods>
            <method name="ToString" signature="()" line-rate="1" branch-rate="1" complexity="1">
              <lines>
                <line number="23" hits="2" branch="False" />
                <line number="24" hits="2" branch="False" />
                <line number="25" hits="2" branch="False" />
              </lines>
            </method>
            <method name="Equals" signature="(System.Object)" line-rate="0" branch-rate="1" complexity="1">
              <lines>
                <line number="26" hits="0" branch="False" />
              </lines>
            </method>
            <method name="computeHash" signature="(System.Object)" line-rate="1" branch-rate="1" complexity="1">
              <lines>
                <line number="27" hits="7" branch="False" />
                <line number="29" hits="7" branch="False" />
                <line number="30" hits="7" branch="False" />
                <line number="31" hits="7" branch="False" />
                <line number="32" hits="7" branch="False" />
                <line number="33" hits="7" branch="False" />
                <line number="34" hits="7" branch="False" />
                <line number="35" hits="7" branch="False" />
              </lines>
            </method>
            <method name="HasChanged" signature="()" line-rate="1" branch-rate="1" complexity="1">
              <lines>
                <line number="36" hits="2" branch="False" />
              </lines>
            </method>
            <method name="GetHashCode" signature="()" line-rate="0" branch-rate="1" complexity="1">
              <lines>
                <line number="37" hits="0" branch="False" />
              </lines>
            </method>
            <method name="Create" signature="(T)" line-rate="1" branch-rate="1" complexity="1">
              <lines>
                <line number="39" hits="2" branch="False" />
                <line number="40" hits="2" branch="False" />
                <line number="41" hits="2" branch="False" />
              </lines>
            </method>
            <method name="Create" signature="(T,System.Int32)" line-rate="0" branch-rate="1" complexity="1">
              <lines>
                <line number="43" hits="0" branch="False" />
                <line number="44" hits="0" branch="False" />
                <line number="45" hits="0" branch="False" />
              </lines>
            </method>
            <method name="get_Data" signature="()" line-rate="1" branch-rate="1" complexity="1">
              <lines>
                <line number="46" hits="4" branch="False" />
              </lines>
            </method>
            <method name="get_Hash" signature="()" line-rate="1" branch-rate="1" complexity="1">
              <lines>
                <line number="47" hits="4" branch="False" />
              </lines>
            </method>
            <method name=".ctor" signature="(T,System.Int32)" line-rate="1" branch-rate="1" complexity="1">
              <lines>
                <line number="9" hits="8" branch="False" />
                <line number="12" hits="3" branch="False" />
                <line number="13" hits="3" branch="False" />
                <line number="14" hits="3" branch="False" />
                <line number="15" hits="3" branch="False" />
                <line number="16" hits="3" branch="False" />
              </lines>
            </method>
            <method name=".ctor" signature="(T)" line-rate="1" branch-rate="1" complexity="1">
              <lines>
                <line number="17" hits="5" branch="False" />
                <line number="18" hits="5" branch="False" />
                <line number="19" hits="5" branch="False" />
                <line number="20" hits="5" branch="False" />
                <line number="21" hits="5" branch="False" />
              </lines>
            </method>
          </methods>
          <lines>
            <line number="23" hits="2" branch="False" />
            <line number="24" hits="2" branch="False" />
            <line number="25" hits="2" branch="False" />
            <line number="26" hits="0" branch="False" />
            <line number="27" hits="7" branch="False" />
            <line number="29" hits="7" branch="False" />
            <line number="30" hits="7" branch="False" />
            <line number="31" hits="7" branch="False" />
            <line number="32" hits="7" branch="False" />
            <line number="33" hits="7" branch="False" />
            <line number="34" hits="7" branch="False" />
            <line number="35" hits="7" branch="False" />
            <line number="36" hits="2" branch="False" />
            <line number="37" hits="0" branch="False" />
            <line number="39" hits="2" branch="False" />
            <line number="40" hits="2" branch="False" />
            <line number="41" hits="2" branch="False" />
            <line number="43" hits="0" branch="False" />
            <line number="44" hits="0" branch="False" />
            <line number="45" hits="0" branch="False" />
            <line number="46" hits="4" branch="False" />
            <line number="47" hits="4" branch="False" />
            <line number="9" hits="8" branch="False" />
            <line number="12" hits="3" branch="False" />
            <line number="13" hits="3" branch="False" />
            <line number="14" hits="3" branch="False" />
            <line number="15" hits="3" branch="False" />
            <line number="16" hits="3" branch="False" />
            <line number="17" hits="5" branch="False" />
            <line number="18" hits="5" branch="False" />
            <line number="19" hits="5" branch="False" />
            <line number="20" hits="5" branch="False" />
            <line number="21" hits="5" branch="False" />
          </lines>
        </class>
      </classes>
    </package>
  </packages>
</coverage>