SF:/Users/johnvpetersen/repos/HashingUtility/App/HashUtility.cs
FN:17,System.Void App.HashUtility::OnHashGenerated()
FNDA:19,System.Void App.HashUtility::OnHashGenerated()
DA:18,19
DA:19,19
DA:20,19
BRDA:19,8,0,18
BRDA:19,8,1,1
FN:20,System.Void App.HashUtility::OnIntGenerated(System.Int32)
FNDA:15,System.Void App.HashUtility::OnIntGenerated(System.Int32)
DA:21,15
DA:22,15
DA:23,15
BRDA:22,8,0,13
BRDA:22,8,1,2
FN:23,System.Void App.HashUtility::OnStringGenerated(System.String)
FNDA:4,System.Void App.HashUtility::OnStringGenerated(System.String)
DA:24,4
DA:25,4
DA:26,4
BRDA:25,8,0,2
BRDA:25,8,1,2
FN:44,System.String App.HashUtility::ToString()
FNDA:2,System.String App.HashUtility::ToString()
DA:45,2
FN:45,System.Boolean App.HashUtility::get_CustomAlgorithm()
FNDA:4,System.Boolean App.HashUtility::get_CustomAlgorithm()
DA:46,4
FN:50,App.EncodingOptions App.HashUtility::get_EncodingOption()
FNDA:56,App.EncodingOptions App.HashUtility::get_EncodingOption()
DA:51,56
FN:51,App.AlgorithmOptions App.HashUtility::get_AlgorithmOption()
FNDA:64,App.AlgorithmOptions App.HashUtility::get_AlgorithmOption()
DA:52,64
FN:52,System.Int32 App.HashUtility::GetHashCode()
FNDA:1,System.Int32 App.HashUtility::GetHashCode()
DA:53,1
FN:53,System.String App.HashUtility::get_HashName()
FNDA:65,System.String App.HashUtility::get_HashName()
DA:54,65
FN:54,App.HashUtility App.HashUtility::Create()
FNDA:2,App.HashUtility App.HashUtility::Create()
DA:55,2
FN:55,App.HashUtility App.HashUtility::Create(App.ICustomAlgorithm)
FNDA:4,App.HashUtility App.HashUtility::Create(App.ICustomAlgorithm)
DA:56,4
FN:56,App.HashUtility App.HashUtility::Create(App.AlgorithmOptions,App.EncodingOptions,System.String)
FNDA:11,App.HashUtility App.HashUtility::Create(App.AlgorithmOptions,App.EncodingOptions,System.String)
DA:57,11
FN:57,App.HashUtility App.HashUtility::Create(System.String,App.ICustomAlgorithm)
FNDA:8,App.HashUtility App.HashUtility::Create(System.String,App.ICustomAlgorithm)
DA:58,8
FN:58,System.Int32 App.HashUtility::ConvertToInt(System.Int32)
FNDA:14,System.Int32 App.HashUtility::ConvertToInt(System.Int32)
DA:59,14
FN:59,System.Int32 App.HashUtility::ConvertToInt(System.Byte[],System.Int32)
FNDA:15,System.Int32 App.HashUtility::ConvertToInt(System.Byte[],System.Int32)
DA:60,15
DA:61,15
DA:62,15
DA:63,15
DA:64,15
FN:64,System.String App.HashUtility::ConvertToString(System.Int32)
FNDA:1,System.String App.HashUtility::ConvertToString(System.Int32)
DA:65,1
DA:66,1
DA:67,1
DA:68,1
DA:69,1
BRDA:66,7,0,0
BRDA:66,7,1,1
FN:69,System.String App.HashUtility::ConvertToString(System.Int32,System.Boolean,System.Base64FormattingOptions)
FNDA:3,System.String App.HashUtility::ConvertToString(System.Int32,System.Boolean,System.Base64FormattingOptions)
DA:70,3
DA:71,3
DA:72,3
DA:73,3
DA:74,3
BRDA:71,2,0,0
BRDA:71,2,1,3
FN:74,App.HashUtility App.HashUtility::ComputeHash(System.Object)
FNDA:8,App.HashUtility App.HashUtility::ComputeHash(System.Object)
DA:75,8
FN:75,App.HashUtility App.HashUtility::ComputeHash(System.Byte[],System.Int32,System.Int32)
FNDA:19,App.HashUtility App.HashUtility::ComputeHash(System.Byte[],System.Int32,System.Int32)
DA:76,19
DA:77,19
DA:78,19
DA:79,19
DA:80,19
BRDA:77,8,0,18
BRDA:77,8,1,1
FN:80,System.Byte[] App.HashUtility::GetHash()
FNDA:2,System.Byte[] App.HashUtility::GetHash()
DA:81,2
FN:81,System.Byte[] App.HashUtility::computeHash(System.IO.Stream)
FNDA:0,System.Byte[] App.HashUtility::computeHash(System.IO.Stream)
DA:82,0
DA:83,0
DA:84,0
DA:85,0
DA:86,0
DA:87,0
DA:88,0
DA:89,0
FN:89,System.Byte[] App.HashUtility::computeHash(System.Byte[],System.Int32,System.Int32)
FNDA:18,System.Byte[] App.HashUtility::computeHash(System.Byte[],System.Int32,System.Int32)
DA:90,18
DA:91,18
DA:92,18
DA:93,18
DA:94,18
DA:95,18
DA:96,18
DA:97,18
DA:98,18
BRDA:92,5,0,0
BRDA:92,5,1,18
FN:98,System.Text.Encoding App.HashUtility::getEncodingOption()
FNDA:8,System.Text.Encoding App.HashUtility::getEncodingOption()
DA:99,8
DA:100,8
DA:102,0
DA:103,0
DA:104,0
DA:105,0
DA:106,0
DA:107,8
DA:109,0
DA:110,8
BRDA:100,11,1,0
BRDA:100,11,2,0
BRDA:100,11,3,0
BRDA:100,11,4,0
BRDA:100,11,5,0
BRDA:100,11,6,8
BRDA:100,11,0,0
FN:110,System.Security.Cryptography.HashAlgorithm App.HashUtility::getAlgorithm()
FNDA:18,System.Security.Cryptography.HashAlgorithm App.HashUtility::getAlgorithm()
DA:111,18
DA:112,18
DA:114,1
DA:115,15
DA:116,1
DA:117,1
DA:119,0
DA:120,18
BRDA:112,11,1,1
BRDA:114,48,0,0
BRDA:114,48,1,1
BRDA:112,11,2,15
BRDA:115,82,0,0
BRDA:115,82,1,15
BRDA:112,11,3,1
BRDA:116,116,0,0
BRDA:116,116,1,1
BRDA:112,11,4,1
BRDA:117,150,0,0
BRDA:117,150,1,1
BRDA:112,11,0,0
FN:121,System.Void App.HashUtility::Dispose()
FNDA:7,System.Void App.HashUtility::Dispose()
DA:122,7
DA:123,7
DA:124,7
DA:125,7
FN:126,System.Void App.HashUtility::Dispose(System.Boolean)
FNDA:7,System.Void App.HashUtility::Dispose(System.Boolean)
DA:127,7
DA:128,7
DA:129,7
DA:130,0
DA:131,0
DA:132,0
DA:133,0
DA:134,7
DA:135,7
BRDA:128,4,0,7
BRDA:130,18,0,0
BRDA:130,18,1,7
BRDA:128,4,1,7
FN:136,System.Void App.HashUtility::Finalize()
FNDA:0,System.Void App.HashUtility::Finalize()
DA:137,0
DA:138,0
DA:139,0
FN:26,System.Void App.HashUtility::.ctor()
FNDA:6,System.Void App.HashUtility::.ctor()
DA:27,6
DA:47,25
DA:48,25
DA:49,25
FN:27,System.Void App.HashUtility::.ctor(App.ICustomAlgorithm)
FNDA:8,System.Void App.HashUtility::.ctor(App.ICustomAlgorithm)
DA:28,8
DA:29,4
DA:30,4
FN:30,System.Void App.HashUtility::.ctor(App.AlgorithmOptions,App.EncodingOptions,System.String)
FNDA:22,System.Void App.HashUtility::.ctor(App.AlgorithmOptions,App.EncodingOptions,System.String)
DA:31,22
DA:32,11
DA:33,11
DA:34,11
DA:35,11
FN:35,System.Void App.HashUtility::.ctor(System.String,App.ICustomAlgorithm)
FNDA:16,System.Void App.HashUtility::.ctor(System.String,App.ICustomAlgorithm)
DA:36,16
DA:37,8
DA:38,8
DA:39,8
DA:40,8
DA:41,8
DA:42,8
DA:43,8
DA:44,8
LF:114
LH:92
BRF:38
BRH:23
FNF:31
FNH:29
end_of_record
SF:/Users/johnvpetersen/repos/HashingUtility/App/HashUtilityConfig.cs
FN:13,App.HashUtilityConfig App.HashUtilityConfig::setOptions(App.AlgorithmOptions,App.EncodingOptions,System.String,System.Base64FormattingOptions,System.Boolean)
FNDA:10,App.HashUtilityConfig App.HashUtilityConfig::setOptions(App.AlgorithmOptions,App.EncodingOptions,System.String,System.Base64FormattingOptions,System.Boolean)
DA:14,10
DA:15,10
DA:16,10
DA:17,10
DA:18,10
DA:19,10
DA:20,10
DA:21,10
FN:21,App.ICustomAlgorithm App.HashUtilityConfig::get_CustomAlgorithm()
FNDA:0,App.ICustomAlgorithm App.HashUtilityConfig::get_CustomAlgorithm()
DA:22,0
FN:22,System.Boolean App.HashUtilityConfig::get_UseBase64Encoding()
FNDA:20,System.Boolean App.HashUtilityConfig::get_UseBase64Encoding()
DA:23,20
FN:23,App.AlgorithmOptions App.HashUtilityConfig::get_AlgorithmOption()
FNDA:20,App.AlgorithmOptions App.HashUtilityConfig::get_AlgorithmOption()
DA:24,20
FN:24,System.Base64FormattingOptions App.HashUtilityConfig::get_Base64FormattingOption()
FNDA:20,System.Base64FormattingOptions App.HashUtilityConfig::get_Base64FormattingOption()
DA:25,20
FN:25,App.EncodingOptions App.HashUtilityConfig::get_EncodingOption()
FNDA:20,App.EncodingOptions App.HashUtilityConfig::get_EncodingOption()
DA:26,20
FN:26,System.String App.HashUtilityConfig::get_HashName()
FNDA:20,System.String App.HashUtilityConfig::get_HashName()
DA:27,20
FN:27,System.String App.HashUtilityConfig::ToString()
FNDA:10,System.String App.HashUtilityConfig::ToString()
DA:28,10
FN:29,System.String App.HashUtilityConfig::GenerateConfigString(App.AlgorithmOptions,App.EncodingOptions,System.String,System.Base64FormattingOptions,System.Boolean)
FNDA:9,System.String App.HashUtilityConfig::GenerateConfigString(App.AlgorithmOptions,App.EncodingOptions,System.String,System.Base64FormattingOptions,System.Boolean)
DA:30,9
FN:6,System.Void App.HashUtilityConfig::.ctor()
FNDA:3,System.Void App.HashUtilityConfig::.ctor()
DA:7,3
FN:7,System.Void App.HashUtilityConfig::.ctor(App.ICustomAlgorithm)
FNDA:0,System.Void App.HashUtilityConfig::.ctor(App.ICustomAlgorithm)
DA:8,0
DA:9,0
DA:10,0
FN:10,System.Void App.HashUtilityConfig::.ctor(App.AlgorithmOptions,App.EncodingOptions,System.String,System.Base64FormattingOptions,System.Boolean)
FNDA:2,System.Void App.HashUtilityConfig::.ctor(App.AlgorithmOptions,App.EncodingOptions,System.String,System.Base64FormattingOptions,System.Boolean)
DA:11,2
DA:12,1
DA:13,1
FN:28,System.Void App.HashUtilityConfig::.cctor()
FNDA:1,System.Void App.HashUtilityConfig::.cctor()
DA:29,1
LF:24
LH:20
BRF:0
BRH:0
FNF:13
FNH:11
end_of_record
SF:/Users/johnvpetersen/repos/HashingUtility/App/root.cs
FN:22,System.String App.Root`1::ToString()
FNDA:2,System.String App.Root`1::ToString()
DA:23,2
DA:24,2
DA:25,2
FN:25,System.Boolean App.Root`1::Equals(System.Object)
FNDA:0,System.Boolean App.Root`1::Equals(System.Object)
DA:26,0
FN:26,System.Int32 App.Root`1::computeHash(System.Object)
FNDA:7,System.Int32 App.Root`1::computeHash(System.Object)
DA:27,7
DA:29,7
DA:30,7
DA:31,7
DA:32,7
DA:33,7
DA:34,7
DA:35,7
FN:35,System.Boolean App.Root`1::HasChanged()
FNDA:2,System.Boolean App.Root`1::HasChanged()
DA:36,2
FN:36,System.Int32 App.Root`1::GetHashCode()
FNDA:0,System.Int32 App.Root`1::GetHashCode()
DA:37,0
FN:38,App.Root`1<T> App.Root`1::Create(T)
FNDA:2,App.Root`1<T> App.Root`1::Create(T)
DA:39,2
DA:40,2
DA:41,2
FN:42,App.Root`1<T> App.Root`1::Create(T,System.Int32)
FNDA:0,App.Root`1<T> App.Root`1::Create(T,System.Int32)
DA:43,0
DA:44,0
DA:45,0
FN:45,T App.Root`1::get_Data()
FNDA:4,T App.Root`1::get_Data()
DA:46,4
FN:46,System.Int32 App.Root`1::get_Hash()
FNDA:4,System.Int32 App.Root`1::get_Hash()
DA:47,4
FN:8,System.Void App.Root`1::.ctor(T,System.Int32)
FNDA:8,System.Void App.Root`1::.ctor(T,System.Int32)
DA:9,8
DA:12,3
DA:13,3
DA:14,3
DA:15,3
DA:16,3
FN:16,System.Void App.Root`1::.ctor(T)
FNDA:5,System.Void App.Root`1::.ctor(T)
DA:17,5
DA:18,5
DA:19,5
DA:20,5
DA:21,5
LF:33
LH:28
BRF:0
BRH:0
FNF:11
FNH:8
end_of_record